2025-11-04 18:40:00 | INFO | repo=arquillian-phantom-binary | action=edit | files=4
2025-12-12 09:27:00 | DEBUG | repo=arquillian-phantom-binary | action=commit
2025-07-11 14:56:00 | DEBUG | repo=arquillian-phantom-binary | action=commit
2025-07-27 14:54:00 | INFO | repo=arquillian-phantom-binary | action=commit
2025-09-04 13:54:00 | DEBUG | repo=arquillian-phantom-binary | action=commit
2025-06-02 13:26:00 | DEBUG | repo=arquillian-phantom-binary | action=commit
2025-03-10 15:17:00 | INFO | repo=arquillian-phantom-binary | action=commit
2025-10-09 08:17:00 | INFO | repo=arquillian-phantom-binary | action=edit | files=4
2025-01-03 15:27:00 | WARN | repo=arquillian-phantom-binary | action=pull
2025-12-23 14:27:00 | INFO | repo=arquillian-phantom-binary | action=commit
2025-03-21 09:50:00 | INFO | repo=arquillian-phantom-binary | action=commit
2025-09-07 09:27:00 | WARN | repo=arquillian-phantom-binary | action=pull
2025-04-11 09:32:00 | INFO | repo=arquillian-phantom-binary | action=commit
2025-01-05 10:35:00 | WARN | repo=arquillian-phantom-binary | action=commit
2025-01-06 08:12:00 | DEBUG | repo=arquillian-phantom-binary | action=test | passed=true
2025-05-15 19:27:00 | DEBUG | repo=arquillian-phantom-binary | action=commit
2025-03-11 20:07:00 | DEBUG | repo=arquillian-phantom-binary | action=commit
2025-02-04 16:41:00 | WARN | repo=arquillian-phantom-binary | action=commit
2025-03-06 14:05:00 | INFO | repo=arquillian-phantom-binary | action=commit
2025-08-09 21:38:00 | INFO | repo=arquillian-phantom-binary | action=commit
2025-10-24 07:18:00 | DEBUG | repo=arquillian-phantom-binary | action=pull
2025-01-16 18:09:00 | WARN | repo=arquillian-phantom-binary | action=edit | files=2
2025-01-04 21:38:00 | INFO | repo=arquillian-phantom-binary | action=pull
2025-05-13 20:11:00 | WARN | repo=arquillian-phantom-binary | action=commit
2025-01-20 15:07:00 | INFO | repo=arquillian-phantom-binary | action=edit | files=3
2025-01-26 10:43:00 | INFO | repo=arquillian-phantom-binary | action=commit
2025-03-25 21:57:00 | DEBUG | repo=arquillian-phantom-binary | action=commit
2025-01-16 08:38:00 | INFO | repo=arquillian-phantom-binary | action=test | passed=true
2025-01-07 07:03:00 | INFO | repo=arquillian-phantom-binary | action=edit | files=2
2025-05-13 18:31:00 | WARN | repo=arquillian-phantom-binary | action=commit
2025-08-04 14:58:00 | WARN | repo=arquillian-phantom-binary | action=commit
2025-09-22 11:15:00 | WARN | repo=arquillian-phantom-binary | action=commit
2025-08-18 21:08:00 | INFO | repo=arquillian-phantom-binary | action=test | passed=true
2025-01-10 19:14:00 | DEBUG | repo=arquillian-phantom-binary | action=commit
2025-04-17 21:40:00 | WARN | repo=arquillian-phantom-binary | action=commit
2025-05-22 08:55:00 | INFO | repo=arquillian-phantom-binary | action=edit | files=3
2025-08-03 16:51:00 | INFO | repo=arquillian-phantom-binary | action=edit | files=3
2025-04-20 21:06:00 | WARN | repo=arquillian-phantom-binary | action=commit
2025-03-15 07:23:00 | WARN | repo=arquillian-phantom-binary | action=commit
2025-08-27 18:41:00 | WARN | repo=arquillian-phantom-binary | action=commit
2025-08-21 18:05:00 | INFO | repo=arquillian-phantom-binary | action=commit
2025-07-06 16:36:00 | INFO | repo=arquillian-phantom-binary | action=commit
2025-11-09 20:58:00 | WARN | repo=arquillian-phantom-binary | action=commit
2025-08-25 19:17:00 | INFO | repo=arquillian-phantom-binary | action=commit
2025-03-24 19:14:00 | WARN | repo=arquillian-phantom-binary | action=commit
2025-11-09 07:07:00 | DEBUG | repo=arquillian-phantom-binary | action=pull
2025-03-13 18:28:00 | DEBUG | repo=arquillian-phantom-binary | action=edit | files=1
2025-09-27 16:01:00 | DEBUG | repo=arquillian-phantom-binary | action=test | passed=true
2025-10-12 07:55:00 | INFO | repo=arquillian-phantom-binary | action=pull
2025-04-27 18:21:00 | INFO | repo=arquillian-phantom-binary | action=commit
2025-04-04 19:43:00 | WARN | repo=arquillian-phantom-binary | action=commit
2025-07-27 12:18:00 | DEBUG | repo=arquillian-phantom-binary | action=edit | files=4
2025-09-24 14:16:00 | WARN | repo=arquillian-phantom-binary | action=commit
2025-04-05 20:31:00 | WARN | repo=arquillian-phantom-binary | action=pull
2025-04-19 17:16:00 | INFO | repo=arquillian-phantom-binary | action=pull
2025-12-23 08:59:00 | DEBUG | repo=arquillian-phantom-binary | action=commit
2025-09-11 13:31:00 | DEBUG | repo=arquillian-phantom-binary | action=commit
2025-07-01 18:01:00 | WARN | repo=arquillian-phantom-binary | action=pull
2025-11-08 08:32:00 | WARN | repo=arquillian-phantom-binary | action=commit
2025-01-28 09:27:00 | WARN | repo=arquillian-phantom-binary | action=commit
2025-10-01 09:10:00 | DEBUG | repo=arquillian-phantom-binary | action=pull
2025-02-14 07:41:00 | INFO | repo=arquillian-phantom-binary | action=commit
2025-07-12 07:45:00 | INFO | repo=arquillian-phantom-binary | action=commit
2025-11-05 18:01:00 | DEBUG | repo=arquillian-phantom-binary | action=commit
2025-04-11 11:00:00 | DEBUG | repo=arquillian-phantom-binary | action=pull
2025-01-04 20:48:00 | DEBUG | repo=arquillian-phantom-binary | action=pull
2025-05-18 07:13:00 | INFO | repo=arquillian-phantom-binary | action=test | passed=true
2025-02-21 17:24:00 | WARN | repo=arquillian-phantom-binary | action=commit
2025-10-14 20:53:00 | WARN | repo=arquillian-phantom-binary | action=pull
2025-12-01 08:28:00 | WARN | repo=arquillian-phantom-binary | action=commit
2025-02-10 18:42:00 | INFO | repo=arquillian-phantom-binary | action=pull
2025-08-02 10:14:00 | DEBUG | repo=arquillian-phantom-binary | action=commit
2025-06-07 17:41:00 | INFO | repo=arquillian-phantom-binary | action=commit
2025-10-26 21:08:00 | INFO | repo=arquillian-phantom-binary | action=pull
2025-01-10 20:16:00 | INFO | repo=arquillian-phantom-binary | action=commit
2025-01-11 08:25:00 | INFO | repo=arquillian-phantom-binary | action=test | passed=true
2025-10-05 14:54:00 | INFO | repo=arquillian-phantom-binary | action=commit
2025-11-14 08:31:00 | INFO | repo=arquillian-phantom-binary | action=edit | files=4
2025-06-08 08:05:00 | WARN | repo=arquillian-phantom-binary | action=commit
2025-12-24 21:16:00 | DEBUG | repo=arquillian-phantom-binary | action=commit
